<?xml version="1.0" encoding="UTF-8"?>
<testng-results ignored="0" total="1" passed="0" failed="1" skipped="0">
  <reporter-output>
  </reporter-output>
  <suite started-at="2025-03-26T17:32:22 CET" name="Default suite" finished-at="2025-03-26T17:32:29 CET" duration-ms="7083">
    <groups>
    </groups>
    <test started-at="2025-03-26T17:32:22 CET" name="Default test" finished-at="2025-03-26T17:32:29 CET" duration-ms="7083">
      <class name="tests.SeleniumSaurceDemoHappyPathTestNG">
        <test-method is-config="true" signature="beforeMethod()[pri:0, instance:tests.SeleniumSaurceDemoHappyPathTestNG@4567f35d]" started-at="2025-03-26T17:32:22 CET" name="beforeMethod" finished-at="2025-03-26T17:32:26 CET" duration-ms="4046" status="PASS">
          <reporter-output>
          </reporter-output>
        </test-method> <!-- beforeMethod -->
        <test-method signature="testThatTotalPriceIsCorrect()[pri:0, instance:tests.SeleniumSaurceDemoHappyPathTestNG@4567f35d]" started-at="2025-03-26T17:32:26 CET" name="testThatTotalPriceIsCorrect" finished-at="2025-03-26T17:32:28 CET" duration-ms="2029" status="FAIL">
          <exception class="java.lang.AssertionError">
            <message>
              <![CDATA[The sum of prices should be equal as the subtotal expected [true] but found [false]]]>
            </message>
            <full-stacktrace>
              <![CDATA[java.lang.AssertionError: The sum of prices should be equal as the subtotal expected [true] but found [false]
at org.testng.Assert.fail(Assert.java:99)
at org.testng.Assert.failNotEquals(Assert.java:1037)
at org.testng.Assert.assertTrue(Assert.java:45)
at tests.SeleniumSaurceDemoHappyPathTestNG.testThatTotalPriceIsCorrect(SeleniumSaurceDemoHappyPathTestNG.java:56)
at java.base/jdk.internal.reflect.DirectMethodHandleAccessor.invoke(DirectMethodHandleAccessor.java:103)
at java.base/java.lang.reflect.Method.invoke(Method.java:580)
at org.testng.internal.MethodInvocationHelper.invokeMethod(MethodInvocationHelper.java:133)
at org.testng.internal.TestInvoker.invokeMethod(TestInvoker.java:598)
at org.testng.internal.TestInvoker.invokeTestMethod(TestInvoker.java:173)
at org.testng.internal.MethodRunner.runInSequence(MethodRunner.java:46)
at org.testng.internal.TestInvoker$MethodInvocationAgent.invoke(TestInvoker.java:824)
at org.testng.internal.TestInvoker.invokeTestMethods(TestInvoker.java:146)
at org.testng.internal.TestMethodWorker.invokeTestMethods(TestMethodWorker.java:146)
at org.testng.internal.TestMethodWorker.run(TestMethodWorker.java:128)
at java.base/java.util.ArrayList.forEach(ArrayList.java:1596)
at org.testng.TestRunner.privateRun(TestRunner.java:794)
at org.testng.TestRunner.run(TestRunner.java:596)
at org.testng.SuiteRunner.runTest(SuiteRunner.java:377)
at org.testng.SuiteRunner.runSequentially(SuiteRunner.java:371)
at org.testng.SuiteRunner.privateRun(SuiteRunner.java:332)
at org.testng.SuiteRunner.run(SuiteRunner.java:276)
at org.testng.SuiteRunnerWorker.runSuite(SuiteRunnerWorker.java:53)
at org.testng.SuiteRunnerWorker.run(SuiteRunnerWorker.java:96)
at org.testng.TestNG.runSuitesSequentially(TestNG.java:1212)
at org.testng.TestNG.runSuitesLocally(TestNG.java:1134)
at org.testng.TestNG.runSuites(TestNG.java:1063)
at org.testng.TestNG.run(TestNG.java:1031)
at org.testng.remote.AbstractRemoteTestNG.run(AbstractRemoteTestNG.java:115)
at org.testng.remote.RemoteTestNG.initAndRun(RemoteTestNG.java:293)
at org.testng.remote.RemoteTestNG.main(RemoteTestNG.java:91)
]]>
            </full-stacktrace>
          </exception> <!-- java.lang.AssertionError -->
          <reporter-output>
          </reporter-output>
        </test-method> <!-- testThatTotalPriceIsCorrect -->
        <test-method is-config="true" signature="afterMethod()[pri:0, instance:tests.SeleniumSaurceDemoHappyPathTestNG@4567f35d]" started-at="2025-03-26T17:32:28 CET" name="afterMethod" finished-at="2025-03-26T17:32:29 CET" duration-ms="945" status="PASS">
          <reporter-output>
          </reporter-output>
        </test-method> <!-- afterMethod -->
      </class> <!-- tests.SeleniumSaurceDemoHappyPathTestNG -->
    </test> <!-- Default test -->
  </suite> <!-- Default suite -->
</testng-results>
